2024/02/19 11:44:46 [notice] 1#1: using the "epoll" event method
2024/02/19 11:44:46 [notice] 1#1: nginx/1.24.0
2024/02/19 11:44:46 [notice] 1#1: built by gcc 12.2.1 20220924 (Alpine 12.2.1_git20220924-r4) 
2024/02/19 11:44:46 [notice] 1#1: OS: Linux 6.5.0-18-generic
2024/02/19 11:44:46 [notice] 1#1: getrlimit(RLIMIT_NOFILE): 1048576:1048576
2024/02/19 11:44:46 [notice] 1#1: start worker processes
2024/02/19 11:44:46 [notice] 1#1: start worker process 30
2024/02/19 11:44:46 [notice] 1#1: start worker process 31
2024/02/19 11:44:46 [notice] 1#1: start worker process 32
2024/02/19 11:44:46 [notice] 1#1: start worker process 33
2024/02/19 11:44:46 [notice] 1#1: start worker process 34
2024/02/19 11:44:46 [notice] 1#1: start worker process 35
2024/02/19 11:44:46 [notice] 1#1: start worker process 36
2024/02/19 11:44:46 [notice] 1#1: start worker process 37
2024/02/19 11:45:33 [notice] 1#1: signal 3 (SIGQUIT) received, shutting down
2024/02/19 11:45:33 [notice] 30#30: gracefully shutting down
2024/02/19 11:45:33 [notice] 31#31: gracefully shutting down
2024/02/19 11:45:33 [notice] 32#32: gracefully shutting down
2024/02/19 11:45:33 [notice] 34#34: gracefully shutting down
2024/02/19 11:45:33 [notice] 36#36: gracefully shutting down
2024/02/19 11:45:33 [notice] 37#37: gracefully shutting down
2024/02/19 11:45:33 [notice] 31#31: exiting
2024/02/19 11:45:33 [notice] 35#35: gracefully shutting down
2024/02/19 11:45:33 [notice] 32#32: exiting
2024/02/19 11:45:33 [notice] 34#34: exiting
2024/02/19 11:45:33 [notice] 30#30: exiting
2024/02/19 11:45:33 [notice] 37#37: exiting
2024/02/19 11:45:33 [notice] 35#35: exiting
2024/02/19 11:45:33 [notice] 31#31: exit
2024/02/19 11:45:33 [notice] 30#30: exit
2024/02/19 11:45:33 [notice] 32#32: exit
2024/02/19 11:45:33 [notice] 34#34: exit
2024/02/19 11:45:33 [notice] 37#37: exit
2024/02/19 11:45:33 [notice] 35#35: exit
2024/02/19 11:45:33 [notice] 33#33: gracefully shutting down
2024/02/19 11:45:33 [notice] 33#33: exiting
2024/02/19 11:45:33 [notice] 33#33: exit
2024/02/19 11:45:33 [notice] 1#1: signal 17 (SIGCHLD) received from 32
2024/02/19 11:45:33 [notice] 1#1: worker process 32 exited with code 0
2024/02/19 11:45:33 [notice] 1#1: signal 29 (SIGIO) received
2024/02/19 11:45:33 [notice] 1#1: signal 17 (SIGCHLD) received from 37
2024/02/19 11:45:33 [notice] 1#1: worker process 31 exited with code 0
2024/02/19 11:45:33 [notice] 1#1: worker process 37 exited with code 0
2024/02/19 11:45:33 [notice] 1#1: signal 29 (SIGIO) received
2024/02/19 11:45:33 [notice] 1#1: signal 17 (SIGCHLD) received from 34
2024/02/19 11:45:33 [notice] 1#1: worker process 34 exited with code 0
2024/02/19 11:45:33 [notice] 1#1: signal 29 (SIGIO) received
2024/02/19 11:45:33 [notice] 1#1: signal 17 (SIGCHLD) received from 35
2024/02/19 11:45:33 [notice] 1#1: worker process 35 exited with code 0
2024/02/19 11:45:33 [notice] 1#1: signal 29 (SIGIO) received
2024/02/19 11:45:33 [notice] 1#1: signal 17 (SIGCHLD) received from 30
2024/02/19 11:45:33 [notice] 1#1: worker process 30 exited with code 0
2024/02/19 11:45:33 [notice] 1#1: signal 29 (SIGIO) received
2024/02/19 11:45:33 [notice] 1#1: signal 17 (SIGCHLD) received from 33
2024/02/19 11:45:33 [notice] 1#1: worker process 33 exited with code 0
2024/02/19 11:45:33 [notice] 1#1: signal 29 (SIGIO) received
2024/02/19 11:56:30 [notice] 1#1: using the "epoll" event method
2024/02/19 11:56:30 [notice] 1#1: nginx/1.24.0
2024/02/19 11:56:30 [notice] 1#1: built by gcc 12.2.1 20220924 (Alpine 12.2.1_git20220924-r4) 
2024/02/19 11:56:30 [notice] 1#1: OS: Linux 6.5.0-18-generic
2024/02/19 11:56:30 [notice] 1#1: getrlimit(RLIMIT_NOFILE): 1048576:1048576
2024/02/19 11:56:30 [notice] 1#1: start worker processes
2024/02/19 11:56:30 [notice] 1#1: start worker process 30
2024/02/19 11:56:30 [notice] 1#1: start worker process 31
2024/02/19 11:56:30 [notice] 1#1: start worker process 32
2024/02/19 11:56:30 [notice] 1#1: start worker process 33
2024/02/19 11:56:30 [notice] 1#1: start worker process 34
2024/02/19 11:56:30 [notice] 1#1: start worker process 35
2024/02/19 11:56:30 [notice] 1#1: start worker process 36
2024/02/19 11:56:30 [notice] 1#1: start worker process 37
2024/02/19 11:57:15 [error] 30#30: *1 connect() failed (111: Connection refused) while connecting to upstream, client: 172.22.0.1, server: _, request: "GET /fastapi/ HTTP/1.1", upstream: "http://172.22.0.2:8080/", host: "localhost"
2024/02/19 11:57:19 [error] 30#30: *1 connect() failed (111: Connection refused) while connecting to upstream, client: 172.22.0.1, server: _, request: "GET /fastapi/docs HTTP/1.1", upstream: "http://172.22.0.2:8080/docs", host: "localhost"
2024/02/19 11:57:24 [error] 30#30: *1 connect() failed (111: Connection refused) while connecting to upstream, client: 172.22.0.1, server: _, request: "GET /fastapi/docs HTTP/1.1", upstream: "http://172.22.0.2:8080/docs", host: "localhost"
2024/02/19 11:57:25 [error] 30#30: *1 connect() failed (111: Connection refused) while connecting to upstream, client: 172.22.0.1, server: _, request: "GET /fastapi/docs HTTP/1.1", upstream: "http://172.22.0.2:8080/docs", host: "localhost"
2024/02/19 11:57:28 [error] 30#30: *1 connect() failed (111: Connection refused) while connecting to upstream, client: 172.22.0.1, server: _, request: "GET /fastapi/docs HTTP/1.1", upstream: "http://172.22.0.2:8080/docs", host: "localhost"
2024/02/19 12:04:19 [notice] 1#1: signal 3 (SIGQUIT) received, shutting down
2024/02/19 12:04:19 [notice] 30#30: gracefully shutting down
2024/02/19 12:04:19 [notice] 31#31: gracefully shutting down
2024/02/19 12:04:19 [notice] 33#33: gracefully shutting down
2024/02/19 12:04:19 [notice] 34#34: gracefully shutting down
2024/02/19 12:04:19 [notice] 30#30: exiting
2024/02/19 12:04:19 [notice] 31#31: exiting
2024/02/19 12:04:19 [notice] 37#37: gracefully shutting down
2024/02/19 12:04:19 [notice] 33#33: exiting
2024/02/19 12:04:19 [notice] 34#34: exiting
2024/02/19 12:04:19 [notice] 37#37: exiting
2024/02/19 12:04:19 [notice] 34#34: exit
2024/02/19 12:04:19 [notice] 30#30: exit
2024/02/19 12:04:19 [notice] 31#31: exit
2024/02/19 12:04:19 [notice] 33#33: exit
2024/02/19 12:04:19 [notice] 37#37: exit
2024/02/19 12:04:19 [notice] 35#35: gracefully shutting down
2024/02/19 12:04:19 [notice] 35#35: exiting
2024/02/19 12:04:19 [notice] 36#36: gracefully shutting down
2024/02/19 12:04:19 [notice] 36#36: exiting
2024/02/19 12:04:19 [notice] 35#35: exit
2024/02/19 12:04:19 [notice] 32#32: gracefully shutting down
2024/02/19 12:04:19 [notice] 32#32: exiting
2024/02/19 12:04:19 [notice] 32#32: exit
2024/02/19 12:04:19 [notice] 36#36: exit
2024/02/19 12:04:19 [notice] 1#1: signal 17 (SIGCHLD) received from 34
2024/02/19 12:04:19 [notice] 1#1: worker process 33 exited with code 0
2024/02/19 12:04:19 [notice] 1#1: worker process 34 exited with code 0
2024/02/19 12:04:19 [notice] 1#1: signal 29 (SIGIO) received
2024/02/19 12:04:19 [notice] 1#1: signal 17 (SIGCHLD) received from 37
2024/02/19 12:04:19 [notice] 1#1: worker process 37 exited with code 0
2024/02/19 12:04:19 [notice] 1#1: signal 29 (SIGIO) received
2024/02/19 12:04:19 [notice] 1#1: signal 17 (SIGCHLD) received from 32
2024/02/19 12:04:19 [notice] 1#1: worker process 30 exited with code 0
2024/02/19 12:04:19 [notice] 1#1: worker process 32 exited with code 0
2024/02/19 12:04:19 [notice] 1#1: worker process 35 exited with code 0
2024/02/19 12:04:19 [notice] 1#1: signal 29 (SIGIO) received
2024/02/19 12:04:19 [notice] 1#1: signal 17 (SIGCHLD) received from 31
2024/02/19 12:04:19 [notice] 1#1: worker process 31 exited with code 0
2024/02/19 12:04:19 [notice] 1#1: worker process 36 exited with code 0
2024/02/19 12:04:19 [notice] 1#1: exit
2024/02/19 12:12:51 [notice] 1#1: using the "epoll" event method
2024/02/19 12:12:51 [notice] 1#1: nginx/1.24.0
2024/02/19 12:12:51 [notice] 1#1: built by gcc 12.2.1 20220924 (Alpine 12.2.1_git20220924-r4) 
2024/02/19 12:12:51 [notice] 1#1: OS: Linux 6.5.0-18-generic
2024/02/19 12:12:51 [notice] 1#1: getrlimit(RLIMIT_NOFILE): 1048576:1048576
2024/02/19 12:12:51 [notice] 1#1: start worker processes
2024/02/19 12:12:51 [notice] 1#1: start worker process 30
2024/02/19 12:12:51 [notice] 1#1: start worker process 31
2024/02/19 12:12:51 [notice] 1#1: start worker process 32
2024/02/19 12:12:51 [notice] 1#1: start worker process 33
2024/02/19 12:12:51 [notice] 1#1: start worker process 34
2024/02/19 12:12:51 [notice] 1#1: start worker process 35
2024/02/19 12:12:51 [notice] 1#1: start worker process 36
2024/02/19 12:12:51 [notice] 1#1: start worker process 37
2024/02/19 12:12:57 [error] 31#31: *2 connect() failed (111: Connection refused) while connecting to upstream, client: 172.23.0.1, server: _, request: "GET /fastapi/docs HTTP/1.1", upstream: "http://172.23.0.3:8080/docs", host: "localhost"
2024/02/19 12:13:03 [error] 31#31: *2 connect() failed (111: Connection refused) while connecting to upstream, client: 172.23.0.1, server: _, request: "GET /fastapi/ HTTP/1.1", upstream: "http://172.23.0.3:8080/", host: "localhost"
2024/02/19 12:15:05 [notice] 1#1: signal 3 (SIGQUIT) received, shutting down
2024/02/19 12:15:05 [notice] 31#31: gracefully shutting down
2024/02/19 12:15:05 [notice] 30#30: gracefully shutting down
2024/02/19 12:15:05 [notice] 33#33: gracefully shutting down
2024/02/19 12:15:05 [notice] 34#34: gracefully shutting down
2024/02/19 12:15:05 [notice] 31#31: exiting
2024/02/19 12:15:05 [notice] 37#37: gracefully shutting down
2024/02/19 12:15:05 [notice] 30#30: exiting
2024/02/19 12:15:05 [notice] 33#33: exiting
2024/02/19 12:15:05 [notice] 34#34: exiting
2024/02/19 12:15:05 [notice] 37#37: exiting
2024/02/19 12:15:05 [notice] 33#33: exit
2024/02/19 12:15:05 [notice] 31#31: exit
2024/02/19 12:15:05 [notice] 35#35: gracefully shutting down
2024/02/19 12:15:05 [notice] 34#34: exit
2024/02/19 12:15:05 [notice] 30#30: exit
2024/02/19 12:15:05 [notice] 37#37: exit
2024/02/19 12:15:05 [notice] 35#35: exiting
2024/02/19 12:15:05 [notice] 35#35: exit
2024/02/19 12:15:05 [notice] 36#36: gracefully shutting down
2024/02/19 12:15:05 [notice] 36#36: exiting
2024/02/19 12:15:05 [notice] 32#32: gracefully shutting down
2024/02/19 12:15:05 [notice] 32#32: exiting
2024/02/19 12:15:05 [notice] 36#36: exit
2024/02/19 12:15:05 [notice] 32#32: exit
2024/02/19 12:15:05 [notice] 1#1: signal 17 (SIGCHLD) received from 34
2024/02/19 12:15:05 [notice] 1#1: worker process 34 exited with code 0
2024/02/19 12:15:05 [notice] 1#1: signal 29 (SIGIO) received
2024/02/19 12:15:05 [notice] 1#1: signal 17 (SIGCHLD) received from 37
2024/02/19 12:15:05 [notice] 1#1: worker process 37 exited with code 0
2024/02/19 12:15:05 [notice] 1#1: signal 29 (SIGIO) received
2024/02/19 12:15:05 [notice] 1#1: signal 17 (SIGCHLD) received from 35
2024/02/19 12:15:05 [notice] 1#1: worker process 35 exited with code 0
2024/02/19 12:15:05 [notice] 1#1: signal 29 (SIGIO) received
2024/02/19 12:15:05 [notice] 1#1: signal 17 (SIGCHLD) received from 31
2024/02/19 12:15:05 [notice] 1#1: worker process 30 exited with code 0
2024/02/19 12:15:05 [notice] 1#1: worker process 31 exited with code 0
2024/02/19 12:15:05 [notice] 1#1: worker process 33 exited with code 0
2024/02/19 12:15:05 [notice] 1#1: worker process 36 exited with code 0
2024/02/19 12:15:05 [notice] 1#1: signal 29 (SIGIO) received
2024/02/19 12:15:05 [notice] 1#1: signal 17 (SIGCHLD) received from 33
2024/02/19 12:15:05 [notice] 1#1: signal 17 (SIGCHLD) received from 32
2024/02/19 12:15:05 [notice] 1#1: worker process 32 exited with code 0
2024/02/19 12:15:05 [notice] 1#1: exit
2024/02/19 12:28:37 [notice] 1#1: using the "epoll" event method
2024/02/19 12:28:37 [notice] 1#1: nginx/1.24.0
2024/02/19 12:28:37 [notice] 1#1: built by gcc 12.2.1 20220924 (Alpine 12.2.1_git20220924-r4) 
2024/02/19 12:28:37 [notice] 1#1: OS: Linux 6.5.0-18-generic
2024/02/19 12:28:37 [notice] 1#1: getrlimit(RLIMIT_NOFILE): 1048576:1048576
2024/02/19 12:28:37 [notice] 1#1: start worker processes
2024/02/19 12:28:37 [notice] 1#1: start worker process 30
2024/02/19 12:28:37 [notice] 1#1: start worker process 31
2024/02/19 12:28:37 [notice] 1#1: start worker process 32
2024/02/19 12:28:37 [notice] 1#1: start worker process 33
2024/02/19 12:28:37 [notice] 1#1: start worker process 34
2024/02/19 12:28:37 [notice] 1#1: start worker process 35
2024/02/19 12:28:37 [notice] 1#1: start worker process 36
2024/02/19 12:28:37 [notice] 1#1: start worker process 37
2024/02/19 14:29:23 [notice] 1#1: using the "epoll" event method
2024/02/19 14:29:23 [notice] 1#1: nginx/1.24.0
2024/02/19 14:29:23 [notice] 1#1: built by gcc 12.2.1 20220924 (Alpine 12.2.1_git20220924-r4) 
2024/02/19 14:29:23 [notice] 1#1: OS: Linux 6.5.0-18-generic
2024/02/19 14:29:23 [notice] 1#1: getrlimit(RLIMIT_NOFILE): 1048576:1048576
2024/02/19 14:29:23 [notice] 1#1: start worker processes
2024/02/19 14:29:23 [notice] 1#1: start worker process 30
2024/02/19 14:29:23 [notice] 1#1: start worker process 31
2024/02/19 14:29:23 [notice] 1#1: start worker process 32
2024/02/19 14:29:23 [notice] 1#1: start worker process 33
2024/02/19 14:29:23 [notice] 1#1: start worker process 34
2024/02/19 14:29:23 [notice] 1#1: start worker process 35
2024/02/19 14:29:23 [notice] 1#1: start worker process 36
2024/02/19 14:29:23 [notice] 1#1: start worker process 37
2024/02/19 14:29:54 [error] 32#32: *4 connect() failed (111: Connection refused) while connecting to upstream, client: 172.26.0.1, server: _, request: "GET /fastapi/ HTTP/1.1", upstream: "http://172.26.0.5:8080/", host: "localhost"
2024/02/19 14:29:57 [error] 32#32: *4 connect() failed (111: Connection refused) while connecting to upstream, client: 172.26.0.1, server: _, request: "GET /fastapi/docs HTTP/1.1", upstream: "http://172.26.0.5:8080/docs", host: "localhost"
2024/02/19 14:30:00 [error] 32#32: *4 connect() failed (111: Connection refused) while connecting to upstream, client: 172.26.0.1, server: _, request: "GET /fastapi/docs HTTP/1.1", upstream: "http://172.26.0.5:8080/docs", host: "localhost"
2024/02/19 14:30:01 [error] 32#32: *4 connect() failed (111: Connection refused) while connecting to upstream, client: 172.26.0.1, server: _, request: "GET /fastapi/docs HTTP/1.1", upstream: "http://172.26.0.5:8080/docs", host: "localhost"
2024/02/19 14:30:01 [error] 32#32: *4 connect() failed (111: Connection refused) while connecting to upstream, client: 172.26.0.1, server: _, request: "GET /fastapi/docs HTTP/1.1", upstream: "http://172.26.0.5:8080/docs", host: "localhost"
2024/02/19 14:30:02 [error] 32#32: *4 connect() failed (111: Connection refused) while connecting to upstream, client: 172.26.0.1, server: _, request: "GET /fastapi/docs HTTP/1.1", upstream: "http://172.26.0.5:8080/docs", host: "localhost"
2024/02/19 14:30:02 [error] 32#32: *4 connect() failed (111: Connection refused) while connecting to upstream, client: 172.26.0.1, server: _, request: "GET /fastapi/docs HTTP/1.1", upstream: "http://172.26.0.5:8080/docs", host: "localhost"
2024/02/19 14:30:21 [error] 32#32: *4 connect() failed (111: Connection refused) while connecting to upstream, client: 172.26.0.1, server: _, request: "GET /fastapi/docs HTTP/1.1", upstream: "http://172.26.0.5:8080/docs", host: "localhost"
2024/02/19 14:30:22 [error] 32#32: *4 connect() failed (111: Connection refused) while connecting to upstream, client: 172.26.0.1, server: _, request: "GET /fastapi/docs HTTP/1.1", upstream: "http://172.26.0.5:8080/docs", host: "localhost"
2024/02/19 14:30:23 [error] 32#32: *4 connect() failed (111: Connection refused) while connecting to upstream, client: 172.26.0.1, server: _, request: "GET /fastapi/docs HTTP/1.1", upstream: "http://172.26.0.5:8080/docs", host: "localhost"
2024/02/19 14:30:23 [error] 32#32: *4 connect() failed (111: Connection refused) while connecting to upstream, client: 172.26.0.1, server: _, request: "GET /fastapi/docs HTTP/1.1", upstream: "http://172.26.0.5:8080/docs", host: "localhost"
2024/02/19 14:30:24 [error] 32#32: *4 connect() failed (111: Connection refused) while connecting to upstream, client: 172.26.0.1, server: _, request: "GET /fastapi/docs HTTP/1.1", upstream: "http://172.26.0.5:8080/docs", host: "localhost"
2024/02/19 14:31:02 [error] 32#32: *4 connect() failed (111: Connection refused) while connecting to upstream, client: 172.26.0.1, server: _, request: "GET /fastapi/docs HTTP/1.1", upstream: "http://172.26.0.5:8080/docs", host: "localhost"
2024/02/19 14:34:37 [notice] 1#1: signal 3 (SIGQUIT) received, shutting down
2024/02/19 14:34:37 [notice] 30#30: gracefully shutting down
2024/02/19 14:34:37 [notice] 32#32: gracefully shutting down
2024/02/19 14:34:37 [notice] 33#33: gracefully shutting down
2024/02/19 14:34:37 [notice] 30#30: exiting
2024/02/19 14:34:37 [notice] 32#32: exiting
2024/02/19 14:34:37 [notice] 33#33: exiting
2024/02/19 14:34:37 [notice] 34#34: gracefully shutting down
2024/02/19 14:34:37 [notice] 31#31: gracefully shutting down
2024/02/19 14:34:37 [notice] 34#34: exiting
2024/02/19 14:34:37 [notice] 31#31: exiting
2024/02/19 14:34:37 [notice] 32#32: exit
2024/02/19 14:34:37 [notice] 30#30: exit
2024/02/19 14:34:37 [notice] 33#33: exit
2024/02/19 14:34:37 [notice] 34#34: exit
2024/02/19 14:34:37 [notice] 31#31: exit
2024/02/19 14:34:37 [notice] 36#36: gracefully shutting down
2024/02/19 14:34:37 [notice] 36#36: exiting
2024/02/19 14:34:37 [notice] 35#35: gracefully shutting down
2024/02/19 14:34:37 [notice] 36#36: exit
2024/02/19 14:34:37 [notice] 35#35: exiting
2024/02/19 14:34:37 [notice] 37#37: gracefully shutting down
2024/02/19 14:34:37 [notice] 37#37: exiting
2024/02/19 14:34:37 [notice] 35#35: exit
2024/02/19 14:34:37 [notice] 37#37: exit
2024/02/19 14:34:37 [notice] 1#1: signal 17 (SIGCHLD) received from 34
2024/02/19 14:34:37 [notice] 1#1: worker process 34 exited with code 0
2024/02/19 14:34:37 [notice] 1#1: signal 29 (SIGIO) received
2024/02/19 14:34:37 [notice] 1#1: signal 17 (SIGCHLD) received from 32
2024/02/19 14:34:37 [notice] 1#1: worker process 32 exited with code 0
2024/02/19 14:34:37 [notice] 1#1: signal 29 (SIGIO) received
2024/02/19 14:34:37 [notice] 1#1: signal 17 (SIGCHLD) received from 36
2024/02/19 14:34:37 [notice] 1#1: worker process 36 exited with code 0
2024/02/19 14:34:37 [notice] 1#1: signal 29 (SIGIO) received
2024/02/19 14:34:37 [notice] 1#1: signal 17 (SIGCHLD) received from 31
2024/02/19 14:34:37 [notice] 1#1: worker process 31 exited with code 0
2024/02/19 14:34:37 [notice] 1#1: worker process 33 exited with code 0
2024/02/19 14:34:37 [notice] 1#1: worker process 37 exited with code 0
2024/02/19 14:34:37 [notice] 1#1: signal 29 (SIGIO) received
2024/02/19 14:34:37 [notice] 1#1: signal 17 (SIGCHLD) received from 33
2024/02/19 14:34:37 [notice] 1#1: signal 17 (SIGCHLD) received from 30
2024/02/19 14:34:37 [notice] 1#1: worker process 30 exited with code 0
2024/02/19 14:34:37 [notice] 1#1: worker process 35 exited with code 0
2024/02/19 14:34:37 [notice] 1#1: exit
2024/02/19 14:35:58 [notice] 1#1: using the "epoll" event method
2024/02/19 14:35:58 [notice] 1#1: nginx/1.24.0
2024/02/19 14:35:58 [notice] 1#1: built by gcc 12.2.1 20220924 (Alpine 12.2.1_git20220924-r4) 
2024/02/19 14:35:58 [notice] 1#1: OS: Linux 6.5.0-18-generic
2024/02/19 14:35:58 [notice] 1#1: getrlimit(RLIMIT_NOFILE): 1048576:1048576
2024/02/19 14:35:58 [notice] 1#1: start worker processes
2024/02/19 14:35:58 [notice] 1#1: start worker process 30
2024/02/19 14:35:58 [notice] 1#1: start worker process 31
2024/02/19 14:35:58 [notice] 1#1: start worker process 32
2024/02/19 14:35:58 [notice] 1#1: start worker process 33
2024/02/19 14:35:58 [notice] 1#1: start worker process 34
2024/02/19 14:35:58 [notice] 1#1: start worker process 35
2024/02/19 14:35:58 [notice] 1#1: start worker process 36
2024/02/19 14:35:58 [notice] 1#1: start worker process 37
2024/02/19 14:36:14 [error] 30#30: *1 connect() failed (111: Connection refused) while connecting to upstream, client: 172.27.0.1, server: _, request: "GET /fastapi/docs HTTP/1.1", upstream: "http://172.27.0.3:8080/docs", host: "localhost"
2024/02/19 14:36:15 [error] 30#30: *1 connect() failed (111: Connection refused) while connecting to upstream, client: 172.27.0.1, server: _, request: "GET /fastapi/docs HTTP/1.1", upstream: "http://172.27.0.3:8080/docs", host: "localhost"
2024/02/19 14:36:16 [error] 30#30: *1 connect() failed (111: Connection refused) while connecting to upstream, client: 172.27.0.1, server: _, request: "GET /fastapi/docs HTTP/1.1", upstream: "http://172.27.0.3:8080/docs", host: "localhost"
2024/02/19 14:36:16 [error] 30#30: *1 connect() failed (111: Connection refused) while connecting to upstream, client: 172.27.0.1, server: _, request: "GET /fastapi/docs HTTP/1.1", upstream: "http://172.27.0.3:8080/docs", host: "localhost"
2024/02/19 14:36:19 [error] 30#30: *1 connect() failed (111: Connection refused) while connecting to upstream, client: 172.27.0.1, server: _, request: "GET /fastapi/ HTTP/1.1", upstream: "http://172.27.0.3:8080/", host: "localhost"
2024/02/19 14:36:20 [error] 30#30: *1 connect() failed (111: Connection refused) while connecting to upstream, client: 172.27.0.1, server: _, request: "GET /fastapi/ HTTP/1.1", upstream: "http://172.27.0.3:8080/", host: "localhost"
2024/02/19 14:36:21 [error] 30#30: *1 connect() failed (111: Connection refused) while connecting to upstream, client: 172.27.0.1, server: _, request: "GET /fastapi/ HTTP/1.1", upstream: "http://172.27.0.3:8080/", host: "localhost"
2024/02/19 14:36:21 [error] 30#30: *1 connect() failed (111: Connection refused) while connecting to upstream, client: 172.27.0.1, server: _, request: "GET /fastapi/ HTTP/1.1", upstream: "http://172.27.0.3:8080/", host: "localhost"
2024/02/19 14:36:21 [error] 30#30: *1 connect() failed (111: Connection refused) while connecting to upstream, client: 172.27.0.1, server: _, request: "GET /fastapi/ HTTP/1.1", upstream: "http://172.27.0.3:8080/", host: "localhost"
2024/02/19 14:36:22 [error] 30#30: *1 connect() failed (111: Connection refused) while connecting to upstream, client: 172.27.0.1, server: _, request: "GET /fastapi/ HTTP/1.1", upstream: "http://172.27.0.3:8080/", host: "localhost"
2024/02/19 14:36:22 [error] 30#30: *1 connect() failed (111: Connection refused) while connecting to upstream, client: 172.27.0.1, server: _, request: "GET /fastapi/ HTTP/1.1", upstream: "http://172.27.0.3:8080/", host: "localhost"
2024/02/19 14:36:48 [notice] 1#1: signal 3 (SIGQUIT) received, shutting down
2024/02/19 14:36:48 [notice] 31#31: gracefully shutting down
2024/02/19 14:36:48 [notice] 30#30: gracefully shutting down
2024/02/19 14:36:48 [notice] 30#30: exiting
2024/02/19 14:36:48 [notice] 30#30: exit
2024/02/19 14:36:48 [notice] 32#32: gracefully shutting down
2024/02/19 14:36:48 [notice] 32#32: exiting
2024/02/19 14:36:48 [notice] 32#32: exit
2024/02/19 14:36:48 [notice] 33#33: gracefully shutting down
2024/02/19 14:36:48 [notice] 33#33: exiting
2024/02/19 14:36:48 [notice] 34#34: gracefully shutting down
2024/02/19 14:36:48 [notice] 34#34: exiting
2024/02/19 14:36:48 [notice] 33#33: exit
2024/02/19 14:36:48 [notice] 34#34: exit
2024/02/19 14:36:48 [notice] 36#36: gracefully shutting down
2024/02/19 14:36:48 [notice] 36#36: exiting
2024/02/19 14:36:48 [notice] 36#36: exit
2024/02/19 14:36:48 [notice] 37#37: gracefully shutting down
2024/02/19 14:36:48 [notice] 37#37: exiting
2024/02/19 14:36:48 [notice] 37#37: exit
2024/02/19 14:36:48 [notice] 35#35: gracefully shutting down
2024/02/19 14:36:48 [notice] 35#35: exiting
2024/02/19 14:36:48 [notice] 35#35: exit
2024/02/19 14:36:48 [notice] 1#1: signal 17 (SIGCHLD) received from 34
2024/02/19 14:36:48 [notice] 1#1: worker process 34 exited with code 0
2024/02/19 14:36:48 [notice] 1#1: signal 29 (SIGIO) received
2024/02/19 14:36:48 [notice] 1#1: signal 17 (SIGCHLD) received from 35
2024/02/19 14:36:48 [notice] 1#1: worker process 35 exited with code 0
2024/02/19 14:36:48 [notice] 1#1: signal 29 (SIGIO) received
2024/02/19 14:36:48 [notice] 1#1: signal 17 (SIGCHLD) received from 32
2024/02/19 14:36:48 [notice] 1#1: worker process 32 exited with code 0
2024/02/19 14:36:48 [notice] 1#1: worker process 30 exited with code 0
2024/02/19 14:36:48 [notice] 1#1: worker process 33 exited with code 0
2024/02/19 14:36:48 [notice] 1#1: worker process 36 exited with code 0
2024/02/19 14:36:48 [notice] 1#1: worker process 37 exited with code 0
2024/02/19 14:36:48 [notice] 1#1: signal 29 (SIGIO) received
2024/02/19 14:36:48 [notice] 1#1: signal 17 (SIGCHLD) received from 30
2024/02/19 14:36:49 [notice] 31#31: exiting
2024/02/19 14:36:49 [notice] 31#31: exit
2024/02/19 14:36:49 [notice] 1#1: signal 17 (SIGCHLD) received from 31
2024/02/19 14:36:49 [notice] 1#1: worker process 31 exited with code 0
2024/02/19 14:36:49 [notice] 1#1: exit
2024/02/19 14:41:51 [notice] 1#1: using the "epoll" event method
2024/02/19 14:41:51 [notice] 1#1: nginx/1.24.0
2024/02/19 14:41:51 [notice] 1#1: built by gcc 12.2.1 20220924 (Alpine 12.2.1_git20220924-r4) 
2024/02/19 14:41:51 [notice] 1#1: OS: Linux 6.5.0-18-generic
2024/02/19 14:41:51 [notice] 1#1: getrlimit(RLIMIT_NOFILE): 1048576:1048576
2024/02/19 14:41:51 [notice] 1#1: start worker processes
2024/02/19 14:41:51 [notice] 1#1: start worker process 29
2024/02/19 14:41:51 [notice] 1#1: start worker process 30
2024/02/19 14:41:51 [notice] 1#1: start worker process 31
2024/02/19 14:41:51 [notice] 1#1: start worker process 32
2024/02/19 14:41:51 [notice] 1#1: start worker process 33
2024/02/19 14:41:51 [notice] 1#1: start worker process 34
2024/02/19 14:41:51 [notice] 1#1: start worker process 35
2024/02/19 14:41:51 [notice] 1#1: start worker process 36
2024/02/19 14:49:56 [notice] 1#1: signal 3 (SIGQUIT) received, shutting down
2024/02/19 14:49:56 [notice] 31#31: gracefully shutting down
2024/02/19 14:49:56 [notice] 33#33: gracefully shutting down
2024/02/19 14:49:56 [notice] 31#31: exiting
2024/02/19 14:49:56 [notice] 36#36: gracefully shutting down
2024/02/19 14:49:56 [notice] 33#33: exiting
2024/02/19 14:49:56 [notice] 36#36: exiting
2024/02/19 14:49:56 [notice] 29#29: gracefully shutting down
2024/02/19 14:49:56 [notice] 29#29: exiting
2024/02/19 14:49:56 [notice] 31#31: exit
2024/02/19 14:49:56 [notice] 33#33: exit
2024/02/19 14:49:56 [notice] 36#36: exit
2024/02/19 14:49:56 [notice] 29#29: exit
2024/02/19 14:49:56 [notice] 32#32: gracefully shutting down
2024/02/19 14:49:56 [notice] 30#30: gracefully shutting down
2024/02/19 14:49:56 [notice] 32#32: exiting
2024/02/19 14:49:56 [notice] 30#30: exiting
2024/02/19 14:49:56 [notice] 35#35: gracefully shutting down
2024/02/19 14:49:56 [notice] 35#35: exiting
2024/02/19 14:49:56 [notice] 32#32: exit
2024/02/19 14:49:56 [notice] 30#30: exit
2024/02/19 14:49:56 [notice] 35#35: exit
2024/02/19 14:49:56 [notice] 34#34: gracefully shutting down
2024/02/19 14:49:56 [notice] 34#34: exiting
2024/02/19 14:49:56 [notice] 34#34: exit
2024/02/19 14:49:56 [notice] 1#1: signal 17 (SIGCHLD) received from 36
2024/02/19 14:49:56 [notice] 1#1: worker process 32 exited with code 0
2024/02/19 14:49:56 [notice] 1#1: worker process 33 exited with code 0
2024/02/19 14:49:56 [notice] 1#1: worker process 35 exited with code 0
2024/02/19 14:49:56 [notice] 1#1: worker process 36 exited with code 0
2024/02/19 14:49:56 [notice] 1#1: signal 29 (SIGIO) received
2024/02/19 14:49:56 [notice] 1#1: signal 17 (SIGCHLD) received from 32
2024/02/19 14:49:56 [notice] 1#1: signal 17 (SIGCHLD) received from 31
2024/02/19 14:49:56 [notice] 1#1: worker process 31 exited with code 0
2024/02/19 14:49:56 [notice] 1#1: signal 29 (SIGIO) received
2024/02/19 14:49:56 [notice] 1#1: signal 17 (SIGCHLD) received from 29
2024/02/19 14:49:56 [notice] 1#1: worker process 29 exited with code 0
2024/02/19 14:49:56 [notice] 1#1: signal 17 (SIGCHLD) received from 34
2024/02/19 14:49:56 [notice] 1#1: worker process 30 exited with code 0
2024/02/19 14:49:56 [notice] 1#1: worker process 34 exited with code 0
2024/02/19 14:49:56 [notice] 1#1: exit
2024/02/19 14:50:16 [notice] 1#1: using the "epoll" event method
2024/02/19 14:50:16 [notice] 1#1: nginx/1.24.0
2024/02/19 14:50:16 [notice] 1#1: built by gcc 12.2.1 20220924 (Alpine 12.2.1_git20220924-r4) 
2024/02/19 14:50:16 [notice] 1#1: OS: Linux 6.5.0-18-generic
2024/02/19 14:50:16 [notice] 1#1: getrlimit(RLIMIT_NOFILE): 1048576:1048576
2024/02/19 14:50:16 [notice] 1#1: start worker processes
2024/02/19 14:50:16 [notice] 1#1: start worker process 30
2024/02/19 14:50:16 [notice] 1#1: start worker process 31
2024/02/19 14:50:16 [notice] 1#1: start worker process 32
2024/02/19 14:50:16 [notice] 1#1: start worker process 33
2024/02/19 14:50:16 [notice] 1#1: start worker process 34
2024/02/19 14:50:16 [notice] 1#1: start worker process 35
2024/02/19 14:50:16 [notice] 1#1: start worker process 36
2024/02/19 14:50:16 [notice] 1#1: start worker process 37
2024/02/19 14:50:48 [notice] 1#1: signal 3 (SIGQUIT) received, shutting down
2024/02/19 14:50:48 [notice] 33#33: gracefully shutting down
2024/02/19 14:50:48 [notice] 32#32: gracefully shutting down
2024/02/19 14:50:48 [notice] 33#33: exiting
2024/02/19 14:50:48 [notice] 32#32: exiting
2024/02/19 14:50:48 [notice] 32#32: exit
2024/02/19 14:50:48 [notice] 33#33: exit
2024/02/19 14:50:48 [notice] 30#30: gracefully shutting down
2024/02/19 14:50:48 [notice] 30#30: exiting
2024/02/19 14:50:48 [notice] 31#31: gracefully shutting down
2024/02/19 14:50:48 [notice] 31#31: exiting
2024/02/19 14:50:48 [notice] 30#30: exit
2024/02/19 14:50:48 [notice] 31#31: exit
2024/02/19 14:50:48 [notice] 35#35: gracefully shutting down
2024/02/19 14:50:48 [notice] 35#35: exiting
2024/02/19 14:50:48 [notice] 34#34: gracefully shutting down
2024/02/19 14:50:48 [notice] 35#35: exit
2024/02/19 14:50:48 [notice] 34#34: exiting
2024/02/19 14:50:48 [notice] 34#34: exit
2024/02/19 14:50:48 [notice] 36#36: gracefully shutting down
2024/02/19 14:50:48 [notice] 36#36: exiting
2024/02/19 14:50:48 [notice] 37#37: gracefully shutting down
2024/02/19 14:50:48 [notice] 36#36: exit
2024/02/19 14:50:48 [notice] 37#37: exiting
2024/02/19 14:50:48 [notice] 37#37: exit
2024/02/19 14:50:49 [notice] 1#1: signal 17 (SIGCHLD) received from 36
2024/02/19 14:50:49 [notice] 1#1: worker process 32 exited with code 0
2024/02/19 14:50:49 [notice] 1#1: worker process 35 exited with code 0
2024/02/19 14:50:49 [notice] 1#1: worker process 36 exited with code 0
2024/02/19 14:50:49 [notice] 1#1: signal 29 (SIGIO) received
2024/02/19 14:50:49 [notice] 1#1: signal 17 (SIGCHLD) received from 31
2024/02/19 14:50:49 [notice] 1#1: worker process 31 exited with code 0
2024/02/19 14:50:49 [notice] 1#1: worker process 33 exited with code 0
2024/02/19 14:50:49 [notice] 1#1: signal 29 (SIGIO) received
2024/02/19 14:50:49 [notice] 1#1: signal 17 (SIGCHLD) received from 34
2024/02/19 14:50:49 [notice] 1#1: worker process 34 exited with code 0
2024/02/19 14:50:49 [notice] 1#1: signal 29 (SIGIO) received
2024/02/19 14:50:49 [notice] 1#1: signal 17 (SIGCHLD) received from 30
2024/02/19 14:50:49 [notice] 1#1: worker process 30 exited with code 0
2024/02/19 14:50:49 [notice] 1#1: signal 29 (SIGIO) received
2024/02/19 14:50:49 [notice] 1#1: signal 17 (SIGCHLD) received from 37
2024/02/19 14:50:49 [notice] 1#1: worker process 37 exited with code 0
2024/02/19 14:50:49 [notice] 1#1: exit
2024/02/19 15:02:11 [notice] 1#1: using the "epoll" event method
2024/02/19 15:02:11 [notice] 1#1: nginx/1.24.0
2024/02/19 15:02:11 [notice] 1#1: built by gcc 12.2.1 20220924 (Alpine 12.2.1_git20220924-r4) 
2024/02/19 15:02:11 [notice] 1#1: OS: Linux 6.5.0-18-generic
2024/02/19 15:02:11 [notice] 1#1: getrlimit(RLIMIT_NOFILE): 1048576:1048576
2024/02/19 15:02:11 [notice] 1#1: start worker processes
2024/02/19 15:02:11 [notice] 1#1: start worker process 30
2024/02/19 15:02:11 [notice] 1#1: start worker process 31
2024/02/19 15:02:11 [notice] 1#1: start worker process 32
2024/02/19 15:02:11 [notice] 1#1: start worker process 33
2024/02/19 15:02:11 [notice] 1#1: start worker process 34
2024/02/19 15:02:11 [notice] 1#1: start worker process 35
2024/02/19 15:02:11 [notice] 1#1: start worker process 36
2024/02/19 15:02:11 [notice] 1#1: start worker process 37
2024/02/19 15:03:45 [notice] 1#1: signal 3 (SIGQUIT) received, shutting down
2024/02/19 15:03:45 [notice] 33#33: gracefully shutting down
2024/02/19 15:03:45 [notice] 32#32: gracefully shutting down
2024/02/19 15:03:45 [notice] 33#33: exiting
2024/02/19 15:03:45 [notice] 32#32: exiting
2024/02/19 15:03:45 [notice] 37#37: gracefully shutting down
2024/02/19 15:03:45 [notice] 33#33: exit
2024/02/19 15:03:45 [notice] 37#37: exiting
2024/02/19 15:03:45 [notice] 32#32: exit
2024/02/19 15:03:45 [notice] 37#37: exit
2024/02/19 15:03:45 [notice] 36#36: gracefully shutting down
2024/02/19 15:03:45 [notice] 36#36: exiting
2024/02/19 15:03:45 [notice] 31#31: gracefully shutting down
2024/02/19 15:03:45 [notice] 31#31: exiting
2024/02/19 15:03:45 [notice] 36#36: exit
2024/02/19 15:03:45 [notice] 31#31: exit
2024/02/19 15:03:45 [notice] 34#34: gracefully shutting down
2024/02/19 15:03:45 [notice] 34#34: exiting
2024/02/19 15:03:45 [notice] 34#34: exit
2024/02/19 15:03:45 [notice] 30#30: gracefully shutting down
2024/02/19 15:03:45 [notice] 30#30: exiting
2024/02/19 15:03:45 [notice] 30#30: exit
2024/02/19 15:03:45 [notice] 35#35: gracefully shutting down
2024/02/19 15:03:45 [notice] 35#35: exiting
2024/02/19 15:03:45 [notice] 35#35: exit
2024/02/19 15:03:45 [notice] 1#1: signal 17 (SIGCHLD) received from 37
2024/02/19 15:03:45 [notice] 1#1: worker process 37 exited with code 0
2024/02/19 15:03:45 [notice] 1#1: signal 29 (SIGIO) received
2024/02/19 15:03:45 [notice] 1#1: signal 17 (SIGCHLD) received from 35
2024/02/19 15:03:45 [notice] 1#1: worker process 34 exited with code 0
2024/02/19 15:03:45 [notice] 1#1: worker process 35 exited with code 0
2024/02/19 15:03:45 [notice] 1#1: signal 29 (SIGIO) received
2024/02/19 15:03:45 [notice] 1#1: signal 17 (SIGCHLD) received from 33
2024/02/19 15:03:45 [notice] 1#1: worker process 31 exited with code 0
2024/02/19 15:03:45 [notice] 1#1: worker process 32 exited with code 0
2024/02/19 15:03:45 [notice] 1#1: worker process 33 exited with code 0
2024/02/19 15:03:45 [notice] 1#1: worker process 36 exited with code 0
2024/02/19 15:03:45 [notice] 1#1: signal 29 (SIGIO) received
2024/02/19 15:03:45 [notice] 1#1: signal 17 (SIGCHLD) received from 36
2024/02/19 15:03:45 [notice] 1#1: signal 17 (SIGCHLD) received from 30
2024/02/19 15:03:45 [notice] 1#1: worker process 30 exited with code 0
2024/02/19 15:03:45 [notice] 1#1: exit
2024/02/21 12:13:08 [notice] 1#1: using the "epoll" event method
2024/02/21 12:13:08 [notice] 1#1: nginx/1.24.0
2024/02/21 12:13:08 [notice] 1#1: built by gcc 12.2.1 20220924 (Alpine 12.2.1_git20220924-r4) 
2024/02/21 12:13:08 [notice] 1#1: OS: Linux 6.5.0-18-generic
2024/02/21 12:13:08 [notice] 1#1: getrlimit(RLIMIT_NOFILE): 1048576:1048576
2024/02/21 12:13:08 [notice] 1#1: start worker processes
2024/02/21 12:13:08 [notice] 1#1: start worker process 30
2024/02/21 12:13:08 [notice] 1#1: start worker process 31
2024/02/21 12:13:08 [notice] 1#1: start worker process 32
2024/02/21 12:13:08 [notice] 1#1: start worker process 33
2024/02/21 12:13:08 [notice] 1#1: start worker process 34
2024/02/21 12:13:08 [notice] 1#1: start worker process 35
2024/02/21 12:13:08 [notice] 1#1: start worker process 36
2024/02/21 12:13:08 [notice] 1#1: start worker process 37
2024/02/21 12:13:28 [error] 30#30: *1 connect() failed (111: Connection refused) while connecting to upstream, client: 172.19.0.1, server: _, request: "GET / HTTP/1.1", upstream: "http://172.19.0.2:5173/", host: "localhost"
2024/02/21 12:13:28 [error] 30#30: *1 connect() failed (111: Connection refused) while connecting to upstream, client: 172.19.0.1, server: _, request: "GET /favicon.ico HTTP/1.1", upstream: "http://172.19.0.2:5173/favicon.ico", host: "localhost", referrer: "http://localhost/"
2024/02/21 12:14:07 [error] 30#30: *1 connect() failed (111: Connection refused) while connecting to upstream, client: 172.19.0.1, server: _, request: "GET / HTTP/1.1", upstream: "http://172.19.0.2:5173/", host: "localhost"
2024/02/21 12:14:10 [error] 30#30: *1 connect() failed (111: Connection refused) while connecting to upstream, client: 172.19.0.1, server: _, request: "GET / HTTP/1.1", upstream: "http://172.19.0.2:5173/", host: "localhost"
2024/02/21 12:14:10 [error] 30#30: *1 connect() failed (111: Connection refused) while connecting to upstream, client: 172.19.0.1, server: _, request: "GET /favicon.ico HTTP/1.1", upstream: "http://172.19.0.2:5173/favicon.ico", host: "localhost", referrer: "http://localhost/"
2024/02/21 12:15:03 [warn] 31#31: *6 an upstream response is buffered to a temporary file /var/cache/nginx/proxy_temp/1/00/0000000001 while reading upstream, client: 172.19.0.1, server: _, request: "GET /node_modules/.vite/deps/chunk-GZ55BCQ2.js?v=00744360 HTTP/1.1", upstream: "http://172.19.0.2:5173/node_modules/.vite/deps/chunk-GZ55BCQ2.js?v=00744360", host: "localhost", referrer: "http://localhost/node_modules/.vite/deps/react-dom_client.js?v=392d5cdc"
2024/02/21 12:16:22 [notice] 1#1: signal 3 (SIGQUIT) received, shutting down
2024/02/21 12:16:22 [notice] 30#30: gracefully shutting down
2024/02/21 12:16:22 [notice] 34#34: gracefully shutting down
2024/02/21 12:16:22 [notice] 37#37: gracefully shutting down
2024/02/21 12:16:22 [notice] 36#36: gracefully shutting down
2024/02/21 12:16:22 [notice] 31#31: gracefully shutting down
2024/02/21 12:16:22 [notice] 32#32: gracefully shutting down
2024/02/21 12:16:22 [notice] 33#33: gracefully shutting down
2024/02/21 12:16:22 [notice] 37#37: exiting
2024/02/21 12:16:22 [notice] 36#36: exiting
2024/02/21 12:16:22 [notice] 34#34: exiting
2024/02/21 12:16:22 [notice] 30#30: exiting
2024/02/21 12:16:22 [notice] 31#31: exiting
2024/02/21 12:16:22 [notice] 32#32: exiting
2024/02/21 12:16:22 [notice] 33#33: exiting
2024/02/21 12:16:22 [notice] 37#37: exit
2024/02/21 12:16:22 [notice] 36#36: exit
2024/02/21 12:16:22 [notice] 34#34: exit
2024/02/21 12:16:22 [notice] 31#31: exit
2024/02/21 12:16:22 [notice] 33#33: exit
2024/02/21 12:16:22 [notice] 30#30: exit
2024/02/21 12:16:22 [notice] 32#32: exit
2024/02/21 12:16:22 [notice] 35#35: gracefully shutting down
2024/02/21 12:16:22 [notice] 35#35: exiting
2024/02/21 12:16:22 [notice] 35#35: exit
2024/02/21 12:16:22 [notice] 1#1: signal 17 (SIGCHLD) received from 35
2024/02/21 12:16:22 [notice] 1#1: worker process 32 exited with code 0
2024/02/21 12:16:22 [notice] 1#1: worker process 35 exited with code 0
2024/02/21 12:16:22 [notice] 1#1: signal 29 (SIGIO) received
2024/02/21 12:16:22 [notice] 1#1: signal 17 (SIGCHLD) received from 32
2024/02/21 12:16:22 [notice] 1#1: signal 17 (SIGCHLD) received from 30
2024/02/21 12:16:22 [notice] 1#1: worker process 30 exited with code 0
2024/02/21 12:16:22 [notice] 1#1: signal 29 (SIGIO) received
2024/02/21 12:16:22 [notice] 1#1: signal 17 (SIGCHLD) received from 36
2024/02/21 12:16:22 [notice] 1#1: worker process 36 exited with code 0
2024/02/21 12:16:22 [notice] 1#1: signal 29 (SIGIO) received
2024/02/21 12:16:22 [notice] 1#1: signal 17 (SIGCHLD) received from 34
2024/02/21 12:16:22 [notice] 1#1: worker process 31 exited with code 0
2024/02/21 12:16:22 [notice] 1#1: worker process 33 exited with code 0
2024/02/21 12:16:22 [notice] 1#1: worker process 34 exited with code 0
2024/02/21 12:16:22 [notice] 1#1: signal 29 (SIGIO) received
2024/02/21 12:16:22 [notice] 1#1: signal 17 (SIGCHLD) received from 31
2024/02/21 12:16:22 [notice] 1#1: signal 17 (SIGCHLD) received from 37
2024/02/21 12:16:22 [notice] 1#1: worker process 37 exited with code 0
2024/02/21 12:16:22 [notice] 1#1: exit
